#
# There is insufficient memory for the Java Runtime Environment to continue.
# Native memory allocation (malloc) failed to allocate 774976 bytes for Chunk::new
# Possible reasons:
#   The system is out of physical RAM or swap space
#   The process is running with CompressedOops enabled, and the Java Heap may be blocking the growth of the native heap
# Possible solutions:
#   Reduce memory load on the system
#   Increase physical memory or swap space
#   Check if swap backing store is full
#   Decrease Java heap size (-Xmx/-Xms)
#   Decrease number of Java threads
#   Decrease Java thread stack sizes (-Xss)
#   Set larger code cache with -XX:ReservedCodeCacheSize=
#   JVM is running with Unscaled Compressed Oops mode in which the Java heap is
#     placed in the first 4GB address space. The Java Heap base address is the
#     maximum limit for the native heap growth. Please use -XX:HeapBaseMinAddress
#     to set the Java Heap base and to place the Java Heap above 4GB virtual address.
# This output file may be truncated or incomplete.
#
#  Out of Memory Error (allocation.cpp:389), pid=15764, tid=0x000000000000241c
#
# JRE version: OpenJDK Runtime Environment (8.0_242-b01) (build 1.8.0_242-release-1644-b01)
# Java VM: OpenJDK 64-Bit Server VM (25.242-b01 mixed mode windows-amd64 compressed oops)
# Failed to write core dump. Minidumps are not enabled by default on client versions of Windows
#

---------------  T H R E A D  ---------------

Current thread (0x0000000017aac800):  JavaThread "C2 CompilerThread1" daemon [_thread_in_native, id=9244, stack(0x000000001a260000,0x000000001a360000)]

Stack: [0x000000001a260000,0x000000001a360000]
[error occurred during error reporting (printing stack bounds), id 0xc0000005]

Native frames: (J=compiled Java code, j=interpreted, Vv=VM code, C=native code)


Current CompileTask:
C2:  51147 7438   !   4       com.sun.beans.TypeResolver::resolve (274 bytes)


---------------  P R O C E S S  ---------------

Java Threads: ( => current thread )
  0x000000001a874000 JavaThread "jar transforms Thread 115" [_thread_blocked, id=5256, stack(0x000000002bae0000,0x000000002bbe0000)]
  0x000000001a86f000 JavaThread "jar transforms Thread 114" [_thread_blocked, id=13096, stack(0x000000002b9e0000,0x000000002bae0000)]
  0x000000001b0e9800 JavaThread "jar transforms Thread 113" [_thread_blocked, id=4560, stack(0x000000002b8e0000,0x000000002b9e0000)]
  0x000000001b0e9000 JavaThread "jar transforms Thread 112" [_thread_blocked, id=14236, stack(0x000000002b7e0000,0x000000002b8e0000)]
  0x000000001b0e6800 JavaThread "jar transforms Thread 111" [_thread_blocked, id=12664, stack(0x000000002b6e0000,0x000000002b7e0000)]
  0x000000001b0e8000 JavaThread "jar transforms Thread 110" [_thread_blocked, id=10936, stack(0x000000002b5e0000,0x000000002b6e0000)]
  0x000000001b0ea800 JavaThread "jar transforms Thread 109" [_thread_blocked, id=7244, stack(0x000000002b4e0000,0x000000002b5e0000)]
  0x000000001b0e0800 JavaThread "jar transforms Thread 108" [_thread_blocked, id=7144, stack(0x000000002b3e0000,0x000000002b4e0000)]
  0x000000001b0e7800 JavaThread "jar transforms Thread 107" [_thread_blocked, id=6828, stack(0x000000002b2e0000,0x000000002b3e0000)]
  0x000000001b0df000 JavaThread "jar transforms Thread 106" [_thread_blocked, id=11192, stack(0x000000002b1e0000,0x000000002b2e0000)]
  0x000000001b0e6000 JavaThread "jar transforms Thread 105" [_thread_blocked, id=6552, stack(0x000000002b0e0000,0x000000002b1e0000)]
  0x000000001b0e5000 JavaThread "jar transforms Thread 104" [_thread_blocked, id=8432, stack(0x000000002afe0000,0x000000002b0e0000)]
  0x000000001b0e4800 JavaThread "jar transforms Thread 103" [_thread_blocked, id=12328, stack(0x000000002aee0000,0x000000002afe0000)]
  0x000000001b0e3800 JavaThread "jar transforms Thread 102" [_thread_blocked, id=2276, stack(0x000000002ade0000,0x000000002aee0000)]
  0x000000001b0dc000 JavaThread "jar transforms Thread 101" [_thread_blocked, id=4284, stack(0x000000002ace0000,0x000000002ade0000)]
  0x000000001b0e3000 JavaThread "jar transforms Thread 100" [_thread_blocked, id=16312, stack(0x000000002abe0000,0x000000002ace0000)]
  0x000000001b0de000 JavaThread "jar transforms Thread 99" [_thread_blocked, id=9328, stack(0x000000002aae0000,0x000000002abe0000)]
  0x000000001b0dd800 JavaThread "jar transforms Thread 98" [_thread_blocked, id=12716, stack(0x000000002a9e0000,0x000000002aae0000)]
  0x000000001b0df800 JavaThread "jar transforms Thread 97" [_thread_blocked, id=15256, stack(0x000000002a8e0000,0x000000002a9e0000)]
  0x000000001b0db000 JavaThread "jar transforms Thread 96" [_thread_blocked, id=8160, stack(0x000000002a7e0000,0x000000002a8e0000)]
  0x000000001b0dc800 JavaThread "jar transforms Thread 95" [_thread_blocked, id=6156, stack(0x000000002a6e0000,0x000000002a7e0000)]
  0x000000001b0e1000 JavaThread "jar transforms Thread 94" [_thread_blocked, id=15452, stack(0x000000002a5e0000,0x000000002a6e0000)]
  0x000000001b0e2000 JavaThread "jar transforms Thread 93" [_thread_blocked, id=16356, stack(0x000000002a4e0000,0x000000002a5e0000)]
  0x000000001adb5000 JavaThread "jar transforms Thread 92" [_thread_blocked, id=8064, stack(0x000000002a3e0000,0x000000002a4e0000)]
  0x000000001adb2800 JavaThread "jar transforms Thread 91" [_thread_blocked, id=7552, stack(0x000000002a2e0000,0x000000002a3e0000)]
  0x000000001adb8800 JavaThread "jar transforms Thread 90" [_thread_blocked, id=7956, stack(0x000000002a1e0000,0x000000002a2e0000)]
  0x000000001adb5800 JavaThread "jar transforms Thread 89" [_thread_blocked, id=16092, stack(0x000000002a0e0000,0x000000002a1e0000)]
  0x000000001adb7000 JavaThread "jar transforms Thread 88" [_thread_blocked, id=9508, stack(0x0000000029fe0000,0x000000002a0e0000)]
  0x000000001adb6800 JavaThread "jar transforms Thread 87" [_thread_blocked, id=8344, stack(0x0000000029ee0000,0x0000000029fe0000)]
  0x000000001adb4000 JavaThread "jar transforms Thread 86" [_thread_blocked, id=2208, stack(0x0000000029ce0000,0x0000000029de0000)]
  0x000000001adb9800 JavaThread "jar transforms Thread 85" [_thread_blocked, id=12556, stack(0x0000000029be0000,0x0000000029ce0000)]
  0x000000001adb8000 JavaThread "jar transforms Thread 84" [_thread_blocked, id=10716, stack(0x0000000029ae0000,0x0000000029be0000)]
  0x000000001adb3800 JavaThread "jar transforms Thread 83" [_thread_blocked, id=12524, stack(0x00000000299e0000,0x0000000029ae0000)]
  0x000000001adab000 JavaThread "jar transforms Thread 82" [_thread_blocked, id=10708, stack(0x00000000298e0000,0x00000000299e0000)]
  0x000000001adb2000 JavaThread "jar transforms Thread 81" [_thread_blocked, id=3704, stack(0x00000000297e0000,0x00000000298e0000)]
  0x000000001adb1000 JavaThread "jar transforms Thread 80" [_thread_blocked, id=14456, stack(0x00000000296e0000,0x00000000297e0000)]
  0x000000001adaf000 JavaThread "jar transforms Thread 79" [_thread_blocked, id=6988, stack(0x00000000295e0000,0x00000000296e0000)]
  0x000000001adaa800 JavaThread "jar transforms Thread 78" [_thread_blocked, id=16128, stack(0x00000000294e0000,0x00000000295e0000)]
  0x000000001adaf800 JavaThread "jar transforms Thread 77" [_thread_blocked, id=2368, stack(0x00000000293e0000,0x00000000294e0000)]
  0x000000001adad800 JavaThread "jar transforms Thread 76" [_thread_blocked, id=12728, stack(0x00000000292e0000,0x00000000293e0000)]
  0x000000001adae000 JavaThread "jar transforms Thread 75" [_thread_blocked, id=15284, stack(0x00000000291e0000,0x00000000292e0000)]
  0x000000001adac000 JavaThread "jar transforms Thread 74" [_thread_blocked, id=16112, stack(0x00000000290e0000,0x00000000291e0000)]
  0x000000001adac800 JavaThread "jar transforms Thread 73" [_thread_blocked, id=11184, stack(0x0000000028fe0000,0x00000000290e0000)]
  0x000000001adb0800 JavaThread "jar transforms Thread 72" [_thread_blocked, id=7160, stack(0x0000000028ee0000,0x0000000028fe0000)]
  0x000000001c59c000 JavaThread "jar transforms Thread 71" [_thread_blocked, id=6924, stack(0x0000000028de0000,0x0000000028ee0000)]
  0x000000001c59a800 JavaThread "jar transforms Thread 70" [_thread_blocked, id=15756, stack(0x0000000028ce0000,0x0000000028de0000)]
  0x000000001c599800 JavaThread "jar transforms Thread 69" [_thread_blocked, id=10732, stack(0x0000000028be0000,0x0000000028ce0000)]
  0x000000001c59e000 JavaThread "jar transforms Thread 68" [_thread_blocked, id=5512, stack(0x0000000028ae0000,0x0000000028be0000)]
  0x000000001c59f800 JavaThread "jar transforms Thread 67" [_thread_blocked, id=11716, stack(0x00000000289e0000,0x0000000028ae0000)]
  0x000000001c59b000 JavaThread "jar transforms Thread 66" [_thread_blocked, id=10444, stack(0x00000000288e0000,0x00000000289e0000)]
  0x000000001c59c800 JavaThread "jar transforms Thread 65" [_thread_blocked, id=4272, stack(0x00000000287e0000,0x00000000288e0000)]
  0x000000001c59f000 JavaThread "jar transforms Thread 64" [_thread_blocked, id=14732, stack(0x00000000286e0000,0x00000000287e0000)]
  0x000000001c59d800 JavaThread "jar transforms Thread 63" [_thread_blocked, id=11188, stack(0x00000000285e0000,0x00000000286e0000)]
  0x000000001c592000 JavaThread "jar transforms Thread 62" [_thread_blocked, id=14748, stack(0x00000000284e0000,0x00000000285e0000)]
  0x000000001c599000 JavaThread "jar transforms Thread 61" [_thread_blocked, id=6324, stack(0x00000000283e0000,0x00000000284e0000)]
  0x000000001c591000 JavaThread "jar transforms Thread 60" [_thread_blocked, id=14640, stack(0x00000000282e0000,0x00000000283e0000)]
  0x000000001c598000 JavaThread "jar transforms Thread 59" [_thread_blocked, id=14228, stack(0x00000000281e0000,0x00000000282e0000)]
  0x000000001c590800 JavaThread "jar transforms Thread 58" [_thread_blocked, id=9320, stack(0x00000000280e0000,0x00000000281e0000)]
  0x000000001c593000 JavaThread "jar transforms Thread 57" [_thread_blocked, id=5780, stack(0x0000000027fe0000,0x00000000280e0000)]
  0x000000001c597800 JavaThread "jar transforms Thread 56" [_thread_blocked, id=14196, stack(0x0000000027ee0000,0x0000000027fe0000)]
  0x000000001c596000 JavaThread "jar transforms Thread 55" [_thread_blocked, id=8320, stack(0x0000000027de0000,0x0000000027ee0000)]
  0x000000001c594800 JavaThread "jar transforms Thread 54" [_thread_blocked, id=11440, stack(0x0000000027ce0000,0x0000000027de0000)]
  0x000000001c595000 JavaThread "jar transforms Thread 53" [_thread_blocked, id=10748, stack(0x0000000027be0000,0x0000000027ce0000)]
  0x000000001c593800 JavaThread "jar transforms Thread 52" [_thread_blocked, id=15612, stack(0x0000000027ae0000,0x0000000027be0000)]
  0x000000001c596800 JavaThread "jar transforms Thread 51" [_thread_blocked, id=10224, stack(0x00000000279e0000,0x0000000027ae0000)]
  0x000000001eef7800 JavaThread "jar transforms Thread 50" [_thread_blocked, id=8336, stack(0x00000000278e0000,0x00000000279e0000)]
  0x000000001eefa000 JavaThread "jar transforms Thread 49" [_thread_blocked, id=5316, stack(0x00000000277e0000,0x00000000278e0000)]
  0x000000001eefd800 JavaThread "jar transforms Thread 48" [_thread_blocked, id=6792, stack(0x00000000276e0000,0x00000000277e0000)]
  0x000000001eefd000 JavaThread "jar transforms Thread 47" [_thread_blocked, id=10660, stack(0x00000000275e0000,0x00000000276e0000)]
  0x000000001eef8800 JavaThread "jar transforms Thread 46" [_thread_blocked, id=14664, stack(0x00000000274e0000,0x00000000275e0000)]
  0x000000001eefb800 JavaThread "jar transforms Thread 45" [_thread_blocked, id=4676, stack(0x00000000273e0000,0x00000000274e0000)]
  0x000000001eefc000 JavaThread "jar transforms Thread 44" [_thread_blocked, id=12084, stack(0x00000000272e0000,0x00000000273e0000)]
  0x000000001eefa800 JavaThread "jar transforms Thread 43" [_thread_blocked, id=15960, stack(0x00000000271e0000,0x00000000272e0000)]
  0x000000001eef9000 JavaThread "jar transforms Thread 42" [_thread_blocked, id=14568, stack(0x00000000270e0000,0x00000000271e0000)]
  0x000000001eefe800 JavaThread "jar transforms Thread 41" [_thread_blocked, id=11196, stack(0x0000000026fe0000,0x00000000270e0000)]
  0x000000001eef0000 JavaThread "jar transforms Thread 40" [_thread_blocked, id=2860, stack(0x0000000026ee0000,0x0000000026fe0000)]
  0x000000001eef7000 JavaThread "jar transforms Thread 39" [_thread_blocked, id=3752, stack(0x0000000026de0000,0x0000000026ee0000)]
  0x000000001eef6000 JavaThread "jar transforms Thread 38" [_thread_blocked, id=6200, stack(0x0000000026ce0000,0x0000000026de0000)]
  0x000000001eef5800 JavaThread "jar transforms Thread 37" [_thread_blocked, id=5548, stack(0x0000000026be0000,0x0000000026ce0000)]
  0x000000001eef4800 JavaThread "jar transforms Thread 36" [_thread_blocked, id=8016, stack(0x0000000026ae0000,0x0000000026be0000)]
  0x000000001eef2800 JavaThread "jar transforms Thread 35" [_thread_blocked, id=13736, stack(0x00000000269e0000,0x0000000026ae0000)]
  0x000000001eef4000 JavaThread "jar transforms Thread 34" [_thread_blocked, id=14928, stack(0x00000000268e0000,0x00000000269e0000)]
  0x000000001eef1800 JavaThread "jar transforms Thread 33" [_thread_blocked, id=6608, stack(0x00000000267e0000,0x00000000268e0000)]
  0x000000001eeef800 JavaThread "jar transforms Thread 32" [_thread_blocked, id=14876, stack(0x00000000266e0000,0x00000000267e0000)]
  0x000000001eef1000 JavaThread "jar transforms Thread 31" [_thread_blocked, id=504, stack(0x00000000265e0000,0x00000000266e0000)]
  0x000000001eef3000 JavaThread "jar transforms Thread 30" [_thread_blocked, id=16140, stack(0x00000000264e0000,0x00000000265e0000)]
  0x000000001b88d800 JavaThread "jar transforms Thread 29" [_thread_blocked, id=7524, stack(0x00000000263e0000,0x00000000264e0000)]
  0x000000001b890000 JavaThread "jar transforms Thread 28" [_thread_blocked, id=13816, stack(0x00000000262e0000,0x00000000263e0000)]
  0x000000001b894800 JavaThread "jar transforms Thread 27" [_thread_blocked, id=3428, stack(0x00000000261e0000,0x00000000262e0000)]
  0x000000001b893800 JavaThread "jar transforms Thread 26" [_thread_blocked, id=8912, stack(0x00000000260e0000,0x00000000261e0000)]
  0x000000001b890800 JavaThread "jar transforms Thread 25" [_thread_blocked, id=5172, stack(0x0000000025fe0000,0x00000000260e0000)]
  0x000000001b892000 JavaThread "jar transforms Thread 24" [_thread_blocked, id=4232, stack(0x0000000025ee0000,0x0000000025fe0000)]
  0x000000001b893000 JavaThread "jar transforms Thread 23" [_thread_blocked, id=7896, stack(0x0000000025de0000,0x0000000025ee0000)]
  0x000000001b88e800 JavaThread "jar transforms Thread 22" [_thread_blocked, id=9120, stack(0x0000000025ce0000,0x0000000025de0000)]
  0x000000001b88f000 JavaThread "jar transforms Thread 21" [_thread_blocked, id=14280, stack(0x0000000025be0000,0x0000000025ce0000)]
  0x000000001b891800 JavaThread "Build operations Thread 8" [_thread_blocked, id=13212, stack(0x0000000025ae0000,0x0000000025be0000)]
  0x000000001b886000 JavaThread "Build operations Thread 7" [_thread_blocked, id=716, stack(0x00000000259e0000,0x0000000025ae0000)]
  0x000000001b88d000 JavaThread "Build operations Thread 6" [_thread_blocked, id=5572, stack(0x00000000256e0000,0x00000000257e0000)]
  0x000000001b88c000 JavaThread "Build operations Thread 5" [_thread_blocked, id=3928, stack(0x00000000255e0000,0x00000000256e0000)]
  0x000000001b88b800 JavaThread "Build operations Thread 4" [_thread_blocked, id=13060, stack(0x00000000254e0000,0x00000000255e0000)]
  0x000000001b88a800 JavaThread "Build operations Thread 3" [_thread_blocked, id=15160, stack(0x00000000253e0000,0x00000000254e0000)]
  0x000000001b88a000 JavaThread "Build operations Thread 2" [_thread_blocked, id=3524, stack(0x00000000252e0000,0x00000000253e0000)]
  0x000000001b889000 JavaThread "Build operations" [_thread_blocked, id=14948, stack(0x00000000251e0000,0x00000000252e0000)]
  0x000000001b888800 JavaThread "Cache worker for Build Output Cleanup Cache (C:\Users\user\AndroidStudioProjects\Appmanga\.gradle\buildOutputCleanup)" [_thread_blocked, id=14556, stack(0x00000000239e0000,0x0000000023ae0000)]
  0x000000001c4ee000 JavaThread "Cache worker for file content cache (C:\Users\user\.gradle\caches\6.5.1\fileContent)" [_thread_blocked, id=4756, stack(0x0000000022310000,0x0000000022410000)]
  0x000000001c4e9800 JavaThread "Cache worker for execution history cache (C:\Users\user\.gradle\caches\6.5.1\executionHistory)" [_thread_blocked, id=13228, stack(0x0000000021a10000,0x0000000021b10000)]
  0x000000001c4ec800 JavaThread "Cache worker for cache directory md-rule (C:\Users\user\.gradle\caches\6.5.1\md-rule)" [_thread_blocked, id=4980, stack(0x0000000021710000,0x0000000021810000)]
  0x000000001c4ec000 JavaThread "Cache worker for cache directory md-supplier (C:\Users\user\.gradle\caches\6.5.1\md-supplier)" [_thread_blocked, id=6212, stack(0x0000000021610000,0x0000000021710000)]
  0x000000001c4e2000 JavaThread "Cache worker for checksums cache (C:\Users\user\AndroidStudioProjects\Appmanga\.gradle\checksums)" [_thread_blocked, id=13204, stack(0x0000000021510000,0x0000000021610000)]
  0x000000001c4e9000 JavaThread "jar transforms Thread 20" [_thread_blocked, id=7812, stack(0x0000000021210000,0x0000000021310000)]
  0x000000001c4e1800 JavaThread "jar transforms Thread 19" [_thread_blocked, id=14712, stack(0x0000000021110000,0x0000000021210000)]
  0x000000001c4e8000 JavaThread "jar transforms Thread 18" [_thread_blocked, id=5364, stack(0x0000000021010000,0x0000000021110000)]
  0x000000001c4e0800 JavaThread "jar transforms Thread 17" [_thread_blocked, id=9060, stack(0x0000000020f10000,0x0000000021010000)]
  0x000000001c4e7800 JavaThread "jar transforms Thread 16" [_thread_blocked, id=2384, stack(0x0000000020e10000,0x0000000020f10000)]
  0x000000001c4e0000 JavaThread "jar transforms Thread 15" [_thread_blocked, id=9396, stack(0x0000000020d10000,0x0000000020e10000)]
  0x000000001c4e6800 JavaThread "jar transforms Thread 14" [_thread_blocked, id=14056, stack(0x0000000020b10000,0x0000000020c10000)]
  0x000000001c4e4800 JavaThread "jar transforms Thread 13" [_thread_blocked, id=9448, stack(0x0000000020a10000,0x0000000020b10000)]
  0x000000001c4e3000 JavaThread "jar transforms Thread 12" [_thread_blocked, id=6484, stack(0x0000000020910000,0x0000000020a10000)]
  0x000000001c4df000 JavaThread "jar transforms Thread 11" [_thread_blocked, id=13504, stack(0x0000000020810000,0x0000000020910000)]
  0x000000001c4e5000 JavaThread "jar transforms Thread 10" [_thread_blocked, id=13252, stack(0x0000000020710000,0x0000000020810000)]
  0x000000001c4e3800 JavaThread "jar transforms Thread 9" [_thread_blocked, id=3356, stack(0x0000000020610000,0x0000000020710000)]
  0x000000001c4e6000 JavaThread "jar transforms Thread 8" [_thread_blocked, id=11392, stack(0x0000000020510000,0x0000000020610000)]
  0x000000001c518800 JavaThread "jar transforms Thread 7" [_thread_blocked, id=13756, stack(0x0000000020410000,0x0000000020510000)]
  0x000000001c515800 JavaThread "jar transforms Thread 6" [_thread_blocked, id=14192, stack(0x0000000020310000,0x0000000020410000)]
  0x000000001c511800 JavaThread "jar transforms Thread 5" [_thread_blocked, id=8216, stack(0x0000000020210000,0x0000000020310000)]
  0x000000001c514800 JavaThread "jar transforms Thread 4" [_thread_blocked, id=10624, stack(0x0000000020110000,0x0000000020210000)]
  0x000000001c514000 JavaThread "jar transforms Thread 3" [_thread_blocked, id=7004, stack(0x0000000020010000,0x0000000020110000)]
  0x000000001c512800 JavaThread "jar transforms Thread 2" [_thread_blocked, id=7808, stack(0x000000001ff10000,0x0000000020010000)]
  0x000000001c517800 JavaThread "jar transforms" [_thread_blocked, id=2040, stack(0x000000001f9a0000,0x000000001faa0000)]
  0x000000001c513000 JavaThread "Cache worker for file hash cache (C:\Users\user\AndroidStudioProjects\Appmanga\.gradle\6.5.1\fileHashes)" [_thread_blocked, id=7948, stack(0x000000001f750000,0x000000001f850000)]
  0x000000001c517000 JavaThread "Cache worker for file hash cache (C:\Users\user\.gradle\caches\6.5.1\fileHashes)" [_thread_blocked, id=14256, stack(0x000000001f8a0000,0x000000001f9a0000)]
  0x000000001c516000 JavaThread "File lock request listener" [_thread_in_native, id=9580, stack(0x000000001e680000,0x000000001e780000)]
  0x000000001c4d5000 JavaThread "Cache worker for journal cache (C:\Users\user\.gradle\caches\journal-1)" [_thread_blocked, id=15916, stack(0x000000001e580000,0x000000001e680000)]
  0x000000001c3ed800 JavaThread "Thread-9" [_thread_blocked, id=5840, stack(0x000000001e280000,0x000000001e380000)]
  0x000000001c3ea800 JavaThread "Stdin handler" [_thread_blocked, id=13708, stack(0x000000001e180000,0x000000001e280000)]
  0x000000001c3ea000 JavaThread "Asynchronous log dispatcher for DefaultDaemonConnection: socket connection from /127.0.0.1:61712 to /127.0.0.1:61713" [_thread_blocked, id=14444, stack(0x000000001e080000,0x000000001e180000)]
  0x000000001c40a800 JavaThread "Daemon worker" [_thread_in_vm, id=14816, stack(0x000000001df80000,0x000000001e080000)]
  0x000000001c409800 JavaThread "Cancel handler" [_thread_blocked, id=13380, stack(0x000000001de80000,0x000000001df80000)]
  0x000000001b470000 JavaThread "Handler for socket connection from /127.0.0.1:61712 to /127.0.0.1:61713" [_thread_in_native, id=4752, stack(0x000000001dd80000,0x000000001de80000)]
  0x000000001c386000 JavaThread "Daemon" [_thread_blocked, id=11100, stack(0x000000001dc80000,0x000000001dd80000)]
  0x000000001c3d9800 JavaThread "Daemon periodic checks" [_thread_blocked, id=11436, stack(0x000000001d980000,0x000000001da80000)]
  0x000000001c368800 JavaThread "Incoming local TCP Connector on port 61712" [_thread_in_native, id=14688, stack(0x000000001d740000,0x000000001d840000)]
  0x000000001c33b800 JavaThread "Daemon health stats" [_thread_blocked, id=15304, stack(0x000000001d100000,0x000000001d200000)]
  0x0000000019930800 JavaThread "Service Thread" daemon [_thread_blocked, id=13180, stack(0x000000001a560000,0x000000001a660000)]
  0x00000000198a5800 JavaThread "C1 CompilerThread3" daemon [_thread_blocked, id=3880, stack(0x000000001a460000,0x000000001a560000)]
  0x00000000198a1800 JavaThread "C2 CompilerThread2" daemon [_thread_in_native, id=13324, stack(0x000000001a360000,0x000000001a460000)]
=>0x0000000017aac800 JavaThread "C2 CompilerThread1" daemon [_thread_in_native, id=9244, stack(0x000000001a260000,0x000000001a360000)]
  0x0000000019893000 JavaThread "C2 CompilerThread0" daemon [_thread_in_native, id=15704, stack(0x000000001a160000,0x000000001a260000)]
  0x0000000019892000 JavaThread "Attach Listener" daemon [_thread_blocked, id=12436, stack(0x000000001a060000,0x000000001a160000)]
  0x0000000019895800 JavaThread "Signal Dispatcher" daemon [_thread_blocked, id=9100, stack(0x0000000019f60000,0x000000001a060000)]
  0x0000000019880800 JavaThread "Finalizer" daemon [_thread_blocked, id=13660, stack(0x0000000019d60000,0x0000000019e60000)]
  0x00000000029b7800 JavaThread "Reference Handler" daemon [_thread_blocked, id=4696, stack(0x0000000019c60000,0x0000000019d60000)]
  0x0000000002a2d800 JavaThread "main" [_thread_blocked, id=7912, stack(0x0000000002750000,0x0000000002850000)]

Other Threads:
  0x0000000017a97800 VMThread [stack: 0x0000000019760000,0x0000000019860000] [id=4312]
  0x00000000198db800 WatcherThread [stack: 0x000000001a660000,0x000000001a760000] [id=5180]

VM state:not at safepoint (normal execution)

VM Mutex/Monitor currently owned by a thread: None

heap address: 0x0000000080000000, size: 2048 MB, Compressed Oops mode: 32-bit
Narrow klass base: 0x0000000000000000, Narrow klass shift: 3
Compressed class space size: 1073741824 Address: 0x0000000100000000

Heap:
 PSYoungGen      total 383488K, used 97676K [0x00000000d5580000, 0x00000000ee180000, 0x0000000100000000)
  eden space 371712K, 26% used [0x00000000d5580000,0x00000000db4e31b8,0x00000000ec080000)
  from space 11776K, 0% used [0x00000000ed600000,0x00000000ed600000,0x00000000ee180000)
  to   space 16384K, 0% used [0x00000000ec180000,0x00000000ec180000,0x00000000ed180000)
 ParOldGen       total 51712K, used 35288K [0x0000000080000000, 0x0000000083280000, 0x00000000d5580000)
  object space 51712K, 68% used [0x0000000080000000,0x00000000822761b0,0x0000000083280000)
 Metaspace       used 62299K, capacity 64804K, committed 65024K, reserved 1105920K
  class space    used 8047K, capacity 8575K, committed 8704K, reserved 1048576K

Card table byte_map: [0x0000000011df0000,0x0000000012200000] byte_map_base: 0x00000000119f0000

Marking Bits: (ParMarkBitMap*) 0x0000000071e8f030
 Begin Bits: [0x0000000012cb0000, 0x0000000014cb0000)
 End Bits:   [0x0000000014cb0000, 0x0000000016cb0000)

Polling page: 0x0000000000ec0000

CodeCache: size=245760Kb used=23040Kb max_used=23040Kb free=222719Kb
 bounds [0x0000000002a30000, 0x00000000040d0000, 0x0000000011a30000]
 total_blobs=7394 nmethods=6552 adapters=754
 compilation: enabled

Compilation events (10 events):
Event: 51.070 Thread 0x00000000198a5800 7444   !   3       java.beans.PropertyDescriptor::updateGenericsFor (37 bytes)
Event: 51.074 Thread 0x00000000198a5800 nmethod 7444 0x0000000004092110 code [0x0000000004092380, 0x00000000040934f8]
Event: 51.083 Thread 0x00000000198a5800 7445       3       java.beans.Introspector::getTargetEventInfo (1082 bytes)
Event: 51.089 Thread 0x0000000019893000 nmethod 7435 0x00000000040b1e10 code [0x00000000040b2060, 0x00000000040b3d20]
Event: 51.089 Thread 0x0000000019893000 7446       4       com.sun.beans.TypeResolver::resolve (37 bytes)
Event: 51.116 Thread 0x00000000198a5800 nmethod 7445 0x00000000040b5ad0 code [0x00000000040b67a0, 0x00000000040c06d8]
Event: 51.116 Thread 0x00000000198a5800 7447   !   3       java.beans.Introspector::getTargetPropertyInfo (582 bytes)
Event: 51.128 Thread 0x00000000198a5800 nmethod 7447 0x00000000040c79d0 code [0x00000000040c7ee0, 0x00000000040cba78]
Event: 51.128 Thread 0x00000000198a5800 7448       1       org.codehaus.groovy.runtime.callsite.AbstractCallSite::getIndex (5 bytes)
Event: 51.129 Thread 0x00000000198a5800 nmethod 7448 0x0000000004081cd0 code [0x0000000004081e20, 0x0000000004081f30]

GC Heap History (10 events):
Event: 35.225 GC heap before
{Heap before GC invocations=15 (full 2):
 PSYoungGen      total 316928K, used 316691K [0x00000000d5580000, 0x00000000e9d80000, 0x0000000100000000)
  eden space 311808K, 100% used [0x00000000d5580000,0x00000000e8600000,0x00000000e8600000)
  from space 5120K, 95% used [0x00000000e9880000,0x00000000e9d44ed0,0x00000000e9d80000)
  to   space 11776K, 0% used [0x00000000e8680000,0x00000000e8680000,0x00000000e9200000)
 ParOldGen       total 51712K, used 14579K [0x0000000080000000, 0x0000000083280000, 0x00000000d5580000)
  object space 51712K, 28% used [0x0000000080000000,0x0000000080e3cc60,0x0000000083280000)
 Metaspace       used 48969K, capacity 51026K, committed 51072K, reserved 1093632K
  class space    used 6375K, capacity 6770K, committed 6784K, reserved 1048576K
Event: 35.281 GC heap after
Heap after GC invocations=15 (full 2):
 PSYoungGen      total 324096K, used 11752K [0x00000000d5580000, 0x00000000ee580000, 0x0000000100000000)
  eden space 312320K, 0% used [0x00000000d5580000,0x00000000d5580000,0x00000000e8680000)
  from space 11776K, 99% used [0x00000000e8680000,0x00000000e91fa270,0x00000000e9200000)
  to   space 15872K, 0% used [0x00000000ed600000,0x00000000ed600000,0x00000000ee580000)
 ParOldGen       total 51712K, used 20765K [0x0000000080000000, 0x0000000083280000, 0x00000000d5580000)
  object space 51712K, 40% used [0x0000000080000000,0x0000000081447798,0x0000000083280000)
 Metaspace       used 48969K, capacity 51026K, committed 51072K, reserved 1093632K
  class space    used 6375K, capacity 6770K, committed 6784K, reserved 1048576K
}
Event: 39.780 GC heap before
{Heap before GC invocations=16 (full 2):
 PSYoungGen      total 324096K, used 324072K [0x00000000d5580000, 0x00000000ee580000, 0x0000000100000000)
  eden space 312320K, 100% used [0x00000000d5580000,0x00000000e8680000,0x00000000e8680000)
  from space 11776K, 99% used [0x00000000e8680000,0x00000000e91fa270,0x00000000e9200000)
  to   space 15872K, 0% used [0x00000000ed600000,0x00000000ed600000,0x00000000ee580000)
 ParOldGen       total 51712K, used 20765K [0x0000000080000000, 0x0000000083280000, 0x00000000d5580000)
  object space 51712K, 40% used [0x0000000080000000,0x0000000081447798,0x0000000083280000)
 Metaspace       used 48971K, capacity 51026K, committed 51072K, reserved 1093632K
  class space    used 6375K, capacity 6770K, committed 6784K, reserved 1048576K
Event: 39.800 GC heap after
Heap after GC invocations=16 (full 2):
 PSYoungGen      total 383488K, used 11601K [0x00000000d5580000, 0x00000000ee180000, 0x0000000100000000)
  eden space 371712K, 0% used [0x00000000d5580000,0x00000000d5580000,0x00000000ec080000)
  from space 11776K, 98% used [0x00000000ed600000,0x00000000ee154518,0x00000000ee180000)
  to   space 16384K, 0% used [0x00000000ec180000,0x00000000ec180000,0x00000000ed180000)
 ParOldGen       total 51712K, used 21693K [0x0000000080000000, 0x0000000083280000, 0x00000000d5580000)
  object space 51712K, 41% used [0x0000000080000000,0x000000008152f438,0x0000000083280000)
 Metaspace       used 48971K, capacity 51026K, committed 51072K, reserved 1093632K
  class space    used 6375K, capacity 6770K, committed 6784K, reserved 1048576K
}
Event: 43.660 GC heap before
{Heap before GC invocations=17 (full 2):
 PSYoungGen      total 383488K, used 383313K [0x00000000d5580000, 0x00000000ee180000, 0x0000000100000000)
  eden space 371712K, 100% used [0x00000000d5580000,0x00000000ec080000,0x00000000ec080000)
  from space 11776K, 98% used [0x00000000ed600000,0x00000000ee154518,0x00000000ee180000)
  to   space 16384K, 0% used [0x00000000ec180000,0x00000000ec180000,0x00000000ed180000)
 ParOldGen       total 51712K, used 21693K [0x0000000080000000, 0x0000000083280000, 0x00000000d5580000)
  object space 51712K, 41% used [0x0000000080000000,0x000000008152f438,0x0000000083280000)
 Metaspace       used 48977K, capacity 51090K, committed 51328K, reserved 1093632K
  class space    used 6375K, capacity 6770K, committed 6784K, reserved 1048576K
Event: 43.678 GC heap after
Heap after GC invocations=17 (full 2):
 PSYoungGen      total 388096K, used 10712K [0x00000000d5580000, 0x00000000ee180000, 0x0000000100000000)
  eden space 371712K, 0% used [0x00000000d5580000,0x00000000d5580000,0x00000000ec080000)
  from space 16384K, 65% used [0x00000000ec180000,0x00000000ecbf6130,0x00000000ed180000)
  to   space 11776K, 0% used [0x00000000ed600000,0x00000000ed600000,0x00000000ee180000)
 ParOldGen       total 51712K, used 21701K [0x0000000080000000, 0x0000000083280000, 0x00000000d5580000)
  object space 51712K, 41% used [0x0000000080000000,0x0000000081531438,0x0000000083280000)
 Metaspace       used 48977K, capacity 51090K, committed 51328K, reserved 1093632K
  class space    used 6375K, capacity 6770K, committed 6784K, reserved 1048576K
}
Event: 48.064 GC heap before
{Heap before GC invocations=18 (full 2):
 PSYoungGen      total 388096K, used 179773K [0x00000000d5580000, 0x00000000ee180000, 0x0000000100000000)
  eden space 371712K, 45% used [0x00000000d5580000,0x00000000dfa995d8,0x00000000ec080000)
  from space 16384K, 65% used [0x00000000ec180000,0x00000000ecbf6130,0x00000000ed180000)
  to   space 11776K, 0% used [0x00000000ed600000,0x00000000ed600000,0x00000000ee180000)
 ParOldGen       total 51712K, used 21701K [0x0000000080000000, 0x0000000083280000, 0x00000000d5580000)
  object space 51712K, 41% used [0x0000000080000000,0x0000000081531438,0x0000000083280000)
 Metaspace       used 56657K, capacity 58964K, committed 59136K, reserved 1099776K
  class space    used 7364K, capacity 7840K, committed 7936K, reserved 1048576K
Event: 48.114 GC heap after
Heap after GC invocations=18 (full 2):
 PSYoungGen      total 383488K, used 11744K [0x00000000d5580000, 0x00000000ee180000, 0x0000000100000000)
  eden space 371712K, 0% used [0x00000000d5580000,0x00000000d5580000,0x00000000ec080000)
  from space 11776K, 99% used [0x00000000ed600000,0x00000000ee1782a0,0x00000000ee180000)
  to   space 16384K, 0% used [0x00000000ec180000,0x00000000ec180000,0x00000000ed180000)
 ParOldGen       total 51712K, used 30972K [0x0000000080000000, 0x0000000083280000, 0x00000000d5580000)
  object space 51712K, 59% used [0x0000000080000000,0x0000000081e3f068,0x0000000083280000)
 Metaspace       used 56657K, capacity 58964K, committed 59136K, reserved 1099776K
  class space    used 7364K, capacity 7840K, committed 7936K, reserved 1048576K
}
Event: 48.114 GC heap before
{Heap before GC invocations=19 (full 3):
 PSYoungGen      total 383488K, used 11744K [0x00000000d5580000, 0x00000000ee180000, 0x0000000100000000)
  eden space 371712K, 0% used [0x00000000d5580000,0x00000000d5580000,0x00000000ec080000)
  from space 11776K, 99% used [0x00000000ed600000,0x00000000ee1782a0,0x00000000ee180000)
  to   space 16384K, 0% used [0x00000000ec180000,0x00000000ec180000,0x00000000ed180000)
 ParOldGen       total 51712K, used 30972K [0x0000000080000000, 0x0000000083280000, 0x00000000d5580000)
  object space 51712K, 59% used [0x0000000080000000,0x0000000081e3f068,0x0000000083280000)
 Metaspace       used 56657K, capacity 58964K, committed 59136K, reserved 1099776K
  class space    used 7364K, capacity 7840K, committed 7936K, reserved 1048576K
Event: 48.632 GC heap after
Heap after GC invocations=19 (full 3):
 PSYoungGen      total 383488K, used 0K [0x00000000d5580000, 0x00000000ee180000, 0x0000000100000000)
  eden space 371712K, 0% used [0x00000000d5580000,0x00000000d5580000,0x00000000ec080000)
  from space 11776K, 0% used [0x00000000ed600000,0x00000000ed600000,0x00000000ee180000)
  to   space 16384K, 0% used [0x00000000ec180000,0x00000000ec180000,0x00000000ed180000)
 ParOldGen       total 51712K, used 35288K [0x0000000080000000, 0x0000000083280000, 0x00000000d5580000)
  object space 51712K, 68% used [0x0000000080000000,0x00000000822761b0,0x0000000083280000)
 Metaspace       used 56532K, capacity 58706K, committed 59136K, reserved 1099776K
  class space    used 7327K, capacity 7790K, committed 7936K, reserved 1048576K
}

Deoptimization events (10 events):
Event: 50.012 Thread 0x000000001c40a800 Uncommon trap: reason=unstable_if action=reinterpret pc=0x0000000003dc3c80 method=org.gradle.internal.instantiation.generator.AbstractClassGenerator$InjectionAnnotationValidator.validateMethod(Ljava/lang/reflect/Method;Lorg/gradle/internal/reflect/Propert
Event: 50.188 Thread 0x000000001c40a800 Uncommon trap: reason=class_check action=maybe_recompile pc=0x0000000003e1ada4 method=java.util.Hashtable.put(Ljava/lang/Object;Ljava/lang/Object;)Ljava/lang/Object; @ 60
Event: 50.188 Thread 0x000000001c40a800 Uncommon trap: reason=class_check action=maybe_recompile pc=0x0000000003e1ada4 method=java.util.Hashtable.put(Ljava/lang/Object;Ljava/lang/Object;)Ljava/lang/Object; @ 60
Event: 50.222 Thread 0x000000001c40a800 Uncommon trap: reason=unstable_if action=reinterpret pc=0x0000000002c097dc method=java.lang.String.replace(CC)Ljava/lang/String; @ 2
Event: 50.228 Thread 0x000000001c40a800 Uncommon trap: reason=unstable_if action=reinterpret pc=0x0000000003d198e0 method=org.codehaus.groovy.runtime.metaclass.MetaMethodIndex.copyNonPrivateNonNewMetaMethods(Lorg/codehaus/groovy/runtime/metaclass/MetaMethodIndex$Entry;Lorg/codehaus/groovy/runti
Event: 50.229 Thread 0x000000001c40a800 Uncommon trap: reason=unstable_if action=reinterpret pc=0x000000000389bc7c method=groovy.lang.MetaClassImpl$1MOPIter.methodNameAction(Ljava/lang/Class;Lorg/codehaus/groovy/runtime/metaclass/MetaMethodIndex$Entry;)V @ 182
Event: 50.298 Thread 0x000000001c40a800 Uncommon trap: reason=array_check action=maybe_recompile pc=0x0000000003f5b0c8 method=java.util.AbstractCollection.toArray([Ljava/lang/Object;)[Ljava/lang/Object; @ 119
Event: 50.298 Thread 0x000000001c40a800 Uncommon trap: reason=array_check action=maybe_recompile pc=0x0000000003f5b0c8 method=java.util.AbstractCollection.toArray([Ljava/lang/Object;)[Ljava/lang/Object; @ 119
Event: 50.299 Thread 0x000000001c40a800 Uncommon trap: reason=array_check action=maybe_recompile pc=0x0000000003f5b0c8 method=java.util.AbstractCollection.toArray([Ljava/lang/Object;)[Ljava/lang/Object; @ 119
Event: 50.299 Thread 0x000000001c40a800 Uncommon trap: reason=array_check action=maybe_recompile pc=0x0000000003f5b0c8 method=java.util.AbstractCollection.toArray([Ljava/lang/Object;)[Ljava/lang/Object; @ 119

Classes redefined (0 events):
No events

Internal exceptions (10 events):
Event: 51.073 Thread 0x000000001c40a800 Exception <a 'java/lang/ClassNotFoundException': com/android/build/gradle/internal/dsl/DefaultConfigCustomizer> (0x00000000dab4f678) thrown at [C:\src\AOSP-openjdk-git\hotspot\src\share\vm\classfile\systemDictionary.cpp, line 210]
Event: 51.080 Thread 0x000000001c40a800 Exception <a 'java/lang/ClassNotFoundException': com/android/build/gradle/internal/dsl/DefaultConfig_DecoratedCustomizer> (0x00000000dab86798) thrown at [C:\src\AOSP-openjdk-git\hotspot\src\share\vm\classfile\systemDictionary.cpp, line 210]
Event: 51.102 Thread 0x000000001c40a800 Exception <a 'java/lang/ClassNotFoundException': com/android/build/gradle/internal/dsl/ApplicationBuildFeaturesImpl_DecoratedBeanInfo> (0x00000000dacd6140) thrown at [C:\src\AOSP-openjdk-git\hotspot\src\share\vm\classfile\systemDictionary.cpp, line 210]
Event: 51.104 Thread 0x000000001c40a800 Exception <a 'java/lang/ClassNotFoundException': com/android/build/gradle/internal/dsl/ApplicationBuildFeaturesImplBeanInfo> (0x00000000dacfbd40) thrown at [C:\src\AOSP-openjdk-git\hotspot\src\share\vm\classfile\systemDictionary.cpp, line 210]
Event: 51.108 Thread 0x000000001c40a800 Exception <a 'java/lang/ClassNotFoundException': com/android/build/gradle/internal/dsl/BuildFeaturesImplBeanInfo> (0x00000000dad1e528) thrown at [C:\src\AOSP-openjdk-git\hotspot\src\share\vm\classfile\systemDictionary.cpp, line 210]
Event: 51.110 Thread 0x000000001c40a800 Exception <a 'java/lang/ClassNotFoundException': com/android/build/gradle/internal/dsl/BuildFeaturesImplCustomizer> (0x00000000dad413b0) thrown at [C:\src\AOSP-openjdk-git\hotspot\src\share\vm\classfile\systemDictionary.cpp, line 210]
Event: 51.114 Thread 0x000000001c40a800 Exception <a 'java/lang/ClassNotFoundException': com/android/build/gradle/internal/dsl/ApplicationBuildFeaturesImplCustomizer> (0x00000000dad7de88) thrown at [C:\src\AOSP-openjdk-git\hotspot\src\share\vm\classfile\systemDictionary.cpp, line 210]
Event: 51.117 Thread 0x000000001c40a800 Exception <a 'java/lang/ClassNotFoundException': com/android/build/gradle/internal/dsl/ApplicationBuildFeaturesImpl_DecoratedCustomizer> (0x00000000dadac2d8) thrown at [C:\src\AOSP-openjdk-git\hotspot\src\share\vm\classfile\systemDictionary.cpp, line 210]
Event: 51.130 Thread 0x000000001c40a800 Exception <a 'java/lang/ClassNotFoundException': org/gradle/api/internal/NamedDomainObjectContainerConfigureDelegateBeanInfo> (0x00000000dae75858) thrown at [C:\src\AOSP-openjdk-git\hotspot\src\share\vm\classfile\systemDictionary.cpp, line 210]
Event: 51.132 Thread 0x000000001c40a800 Exception <a 'java/lang/ClassNotFoundException': org/gradle/api/internal/NamedDomainObjectContainerConfigureDelegateCustomizer> (0x00000000daec1cc0) thrown at [C:\src\AOSP-openjdk-git\hotspot\src\share\vm\classfile\systemDictionary.cpp, line 210]

Events (10 events):
Event: 51.130 loading class org/gradle/api/internal/NamedDomainObjectContainerConfigureDelegateCustomizer
Event: 51.130 loading class org/gradle/api/internal/NamedDomainObjectContainerConfigureDelegateCustomizer done
Event: 51.131 loading class org/gradle/api/internal/NamedDomainObjectContainerConfigureDelegateCustomizer
Event: 51.131 loading class org/gradle/api/internal/NamedDomainObjectContainerConfigureDelegateCustomizer done
Event: 51.132 loading class org/gradle/api/internal/NamedDomainObjectContainerConfigureDelegateCustomizer
Event: 51.132 loading class org/gradle/api/internal/NamedDomainObjectContainerConfigureDelegateCustomizer done
Event: 51.135 loading class groovy/runtime/metaclass/build_18vtwxta7ubgqtftsaxu41hg8$_run_closure1$_closure5$_closure8MetaClass
Event: 51.135 loading class groovy/runtime/metaclass/build_18vtwxta7ubgqtftsaxu41hg8$_run_closure1$_closure5$_closure8MetaClass done
Event: 51.136 loading class groovy/runtime/metaclass/org/gradle/api/internal/FactoryNamedDomainObjectContainer_DecoratedMetaClass
Event: 51.136 loading class groovy/runtime/metaclass/org/gradle/api/internal/FactoryNamedDomainObjectContainer_DecoratedMetaClass done


Dynamic libraries:
0x00007ff6a1150000 - 0x00007ff6a1181000 	C:\Program Files\Android\Android Studio\jre\bin\java.exe
0x00007fff94190000 - 0x00007fff94386000 	C:\WINDOWS\SYSTEM32\ntdll.dll
0x00007fff921f0000 - 0x00007fff922ad000 	C:\WINDOWS\System32\KERNEL32.DLL
0x00007fff91a60000 - 0x00007fff91d28000 	C:\WINDOWS\System32\KERNELBASE.dll
0x00007fff931d0000 - 0x00007fff9327c000 	C:\WINDOWS\System32\ADVAPI32.dll
0x00007fff93fd0000 - 0x00007fff9406e000 	C:\WINDOWS\System32\msvcrt.dll
0x00007fff923d0000 - 0x00007fff9246b000 	C:\WINDOWS\System32\sechost.dll
0x00007fff92980000 - 0x00007fff92aa4000 	C:\WINDOWS\System32\RPCRT4.dll
0x00007fff927e0000 - 0x00007fff92980000 	C:\WINDOWS\System32\USER32.dll
0x00007fff920c0000 - 0x00007fff920e2000 	C:\WINDOWS\System32\win32u.dll
0x00007fff92f90000 - 0x00007fff92fba000 	C:\WINDOWS\System32\GDI32.dll
0x00007fff91f10000 - 0x00007fff92019000 	C:\WINDOWS\System32\gdi32full.dll
0x00007fff92020000 - 0x00007fff920bd000 	C:\WINDOWS\System32\msvcp_win.dll
0x00007fff91930000 - 0x00007fff91a30000 	C:\WINDOWS\System32\ucrtbase.dll
0x00007fff80e10000 - 0x00007fff810ab000 	C:\WINDOWS\WinSxS\amd64_microsoft.windows.common-controls_6595b64144ccf1df_6.0.19041.488_none_ca04af081b815d21\COMCTL32.dll
0x00007fff92470000 - 0x00007fff924a0000 	C:\WINDOWS\System32\IMM32.DLL
0x0000000071500000 - 0x00000000715d2000 	C:\Program Files\Android\Android Studio\jre\jre\bin\msvcr100.dll
0x00000000716c0000 - 0x0000000071f0b000 	C:\Program Files\Android\Android Studio\jre\jre\bin\server\jvm.dll
0x00007fff93f50000 - 0x00007fff93f58000 	C:\WINDOWS\System32\PSAPI.DLL
0x00007fff88760000 - 0x00007fff88787000 	C:\WINDOWS\SYSTEM32\WINMM.dll
0x00007fff8aaf0000 - 0x00007fff8aafa000 	C:\WINDOWS\SYSTEM32\VERSION.dll
0x00007fff78e30000 - 0x00007fff78e39000 	C:\WINDOWS\SYSTEM32\WSOCK32.dll
0x00007fff93f60000 - 0x00007fff93fcb000 	C:\WINDOWS\System32\ws2_32.DLL
0x00007fff8ee50000 - 0x00007fff8ee5f000 	C:\Program Files\Android\Android Studio\jre\jre\bin\verify.dll
0x00007fff8bf40000 - 0x00007fff8bf69000 	C:\Program Files\Android\Android Studio\jre\jre\bin\java.dll
0x00007fff8bf20000 - 0x00007fff8bf36000 	C:\Program Files\Android\Android Studio\jre\jre\bin\zip.dll
0x00007fff934a0000 - 0x00007fff93be1000 	C:\WINDOWS\System32\SHELL32.dll
0x00007fff8f760000 - 0x00007fff8fef5000 	C:\WINDOWS\SYSTEM32\windows.storage.dll
0x00007fff93bf0000 - 0x00007fff93f45000 	C:\WINDOWS\System32\combase.dll
0x00007fff91270000 - 0x00007fff9129c000 	C:\WINDOWS\SYSTEM32\Wldp.dll
0x00007fff93030000 - 0x00007fff930de000 	C:\WINDOWS\System32\SHCORE.dll
0x00007fff92ac0000 - 0x00007fff92b15000 	C:\WINDOWS\System32\shlwapi.dll
0x00007fff91800000 - 0x00007fff91826000 	C:\WINDOWS\SYSTEM32\profapi.dll
0x00007fff8bec0000 - 0x00007fff8beda000 	C:\Program Files\Android\Android Studio\jre\jre\bin\net.dll
0x00007fff90ff0000 - 0x00007fff9105a000 	C:\WINDOWS\system32\mswsock.dll
0x00007fff8bea0000 - 0x00007fff8beb3000 	C:\Program Files\Android\Android Studio\jre\jre\bin\nio.dll
0x00007fff7f480000 - 0x00007fff7f4a7000 	C:\Users\user\.gradle\native\f6784746aeab05261644944871eae4fe03e0ef1612fff0a4a95f87b438bc6780\windows-amd64\native-platform.dll
0x00007fff8ee20000 - 0x00007fff8ee2d000 	C:\Program Files\Android\Android Studio\jre\jre\bin\management.dll
0x00007fff911c0000 - 0x00007fff911d8000 	C:\WINDOWS\SYSTEM32\CRYPTSP.dll
0x00007fff90980000 - 0x00007fff909b4000 	C:\WINDOWS\system32\rsaenh.dll
0x00007fff91a30000 - 0x00007fff91a57000 	C:\WINDOWS\System32\bcrypt.dll
0x00007fff917c0000 - 0x00007fff917ee000 	C:\WINDOWS\SYSTEM32\USERENV.dll
0x00007fff91d30000 - 0x00007fff91daf000 	C:\WINDOWS\System32\bcryptprimitives.dll
0x00007fff911e0000 - 0x00007fff911ec000 	C:\WINDOWS\SYSTEM32\CRYPTBASE.dll
0x00007fff90ce0000 - 0x00007fff90d1b000 	C:\WINDOWS\SYSTEM32\IPHLPAPI.DLL
0x00007fff92ab0000 - 0x00007fff92ab8000 	C:\WINDOWS\System32\NSI.dll
0x00007fff88b40000 - 0x00007fff88b57000 	C:\WINDOWS\SYSTEM32\dhcpcsvc6.DLL
0x00007fff899c0000 - 0x00007fff899dd000 	C:\WINDOWS\SYSTEM32\dhcpcsvc.DLL
0x00007fff90d20000 - 0x00007fff90deb000 	C:\WINDOWS\SYSTEM32\DNSAPI.dll
0x00007fff8abe0000 - 0x00007fff8abeb000 	C:\WINDOWS\SYSTEM32\WINNSI.DLL
0x00007fff7f4b0000 - 0x00007fff7f4d4000 	C:\Program Files\Android\Android Studio\jre\jre\bin\sunec.dll
0x00007fff850f0000 - 0x00007fff850fa000 	C:\Windows\System32\rasadhlp.dll
0x00007fff85cd0000 - 0x00007fff85d4f000 	C:\WINDOWS\System32\fwpuclnt.dll
0x00007fff8d330000 - 0x00007fff8d33b000 	C:\Program Files\Android\Android Studio\jre\jre\bin\sunmscapi.dll
0x00007fff91db0000 - 0x00007fff91f0d000 	C:\WINDOWS\System32\CRYPT32.dll

VM Arguments:
jvm_args: -Xmx2048m -Dfile.encoding=UTF-8 -Duser.country=ID -Duser.language=en -Duser.variant 
java_command: org.gradle.launcher.daemon.bootstrap.GradleDaemon 6.5.1
java_class_path (initial): C:\Users\user\.gradle\wrapper\dists\gradle-6.5.1-bin\1m5048aptkfynhbvolwgr4ej9\gradle-6.5.1\lib\gradle-launcher-6.5.1.jar
Launcher Type: SUN_STANDARD

Environment Variables:
PATH=C:\Program Files (x86)\Common Files\Oracle\Java\javapath;C:\ProgramData\Oracle\Java\javapath;C:\WINDOWS\system32;C:\WINDOWS;C:\WINDOWS\System32\Wbem;C:\WINDOWS\System32\WindowsPowerShell\v1.0\;C:\WINDOWS\System32\OpenSSH\;C:\Users\user\AppData\Local\Microsoft\WindowsApps;C:\Users\user\AppData\Local\Programs\Microsoft VS Code\bin;C:\Users\user\AppData\Local\GitHubDesktop\bin
USERNAME=user
OS=Windows_NT
PROCESSOR_IDENTIFIER=AMD64 Family 23 Model 24 Stepping 1, AuthenticAMD



---------------  S Y S T E M  ---------------

OS: Windows 10.0 , 64 bit Build 19041 (10.0.19041.546)

CPU:total 8 (initial active 8) (8 cores per cpu, 1 threads per core) family 23 model 24 stepping 1, cmov, cx8, fxsr, mmx, sse, sse2, sse3, ssse3, sse4.1, sse4.2, popcnt, avx, avx2, aes, clmul, mmxext, 3dnowpref, lzcnt, sse4a, tsc, tscinvbit, tscinv, bmi1

Memory: 4k page, physical 3598924k(262844k free), swap 14608972k(4364k free)

vm_info: OpenJDK 64-Bit Server VM (25.242-b01) for windows-amd64 JRE (1.8.0_242-release-1644-b01), built by "builder" with MS VC++ 10.0 (VS2010)

time: Mon Dec 28 02:36:57 2020
timezone: SE Asia Standard Time
elapsed time: 51 seconds (0d 0h 0m 51s)

